<?xml version="1.0" encoding="UTF-8"?>
<!-- Generated by org.testng.reporters.JUnitReportReporter -->
<testsuite hostname="DESKTOP-918SBTP" failures="0" tests="1" name="seleniumscripts.googleexample" time="6.672" errors="0" timestamp="05 Sep 2022 17:13:11 GMT" skipped="0">
  <testcase classname="seleniumscripts.googleexample" name="setup" time="6.672"/>
</testsuite> <!-- seleniumscripts.googleexample -->
